This file contains any messages produced by compilers while
running configure, to aid debugging if configure makes a mistake.

It was created by configure, which was
generated by GNU Autoconf 2.69.  Invocation command line was

  $ ./configure --with-ecw=/home/jlarouche/vm/test_raring/ecwjp2_sdk --with-autoload=/usr/lib/gdalplugins/1.10/

## --------- ##
## Platform. ##
## --------- ##

hostname = tengu
uname -m = x86_64
uname -r = 3.8.0-26-generic
uname -s = Linux
uname -v = #38-Ubuntu SMP Mon Jun 17 21:43:33 UTC 2013

/usr/bin/uname -p = unknown
/bin/uname -X     = unknown

/bin/arch              = unknown
/usr/bin/arch -k       = unknown
/usr/convex/getsysinfo = unknown
/usr/bin/hostinfo      = unknown
/bin/machine           = unknown
/usr/bin/oslevel       = unknown
/bin/universe          = unknown

PATH: /home/jlarouche/.rvm/gems/ruby-1.9.3-p429/bin
PATH: /home/jlarouche/.rvm/gems/ruby-1.9.3-p429@global/bin
PATH: /home/jlarouche/.rvm/rubies/ruby-1.9.3-p429/bin
PATH: /home/jlarouche/.rvm/bin
PATH: /usr/local/sbin
PATH: /usr/local/bin
PATH: /usr/sbin
PATH: /usr/bin
PATH: /sbin
PATH: /bin
PATH: /usr/games
PATH: /usr/local/games
PATH: /home/jlarouche/.rvm/bin
PATH: /home/jlarouche/idea/bin


## ----------- ##
## Core tests. ##
## ----------- ##

configure:2607: checking build system type
configure:2621: result: x86_64-unknown-linux-gnu
configure:2641: checking host system type
configure:2654: result: x86_64-unknown-linux-gnu
configure:2723: checking for gcc
configure:2739: found /usr/bin/gcc
configure:2750: result: gcc
configure:2979: checking for C compiler version
configure:2988: gcc --version >&5
gcc (Ubuntu/Linaro 4.7.3-1ubuntu1) 4.7.3
Copyright (C) 2012 Free Software Foundation, Inc.
This is free software; see the source for copying conditions.  There is NO
warranty; not even for MERCHANTABILITY or FITNESS FOR A PARTICULAR PURPOSE.

configure:2999: $? = 0
configure:2988: gcc -v >&5
Using built-in specs.
COLLECT_GCC=gcc
COLLECT_LTO_WRAPPER=/usr/lib/gcc/x86_64-linux-gnu/4.7/lto-wrapper
Target: x86_64-linux-gnu
Configured with: ../src/configure -v --with-pkgversion='Ubuntu/Linaro 4.7.3-1ubuntu1' --with-bugurl=file:///usr/share/doc/gcc-4.7/README.Bugs --enable-languages=c,c++,go,fortran,objc,obj-c++ --prefix=/usr --program-suffix=-4.7 --enable-shared --enable-linker-build-id --libexecdir=/usr/lib --without-included-gettext --enable-threads=posix --with-gxx-include-dir=/usr/include/c++/4.7 --libdir=/usr/lib --enable-nls --with-sysroot=/ --enable-clocale=gnu --enable-libstdcxx-debug --enable-libstdcxx-time=yes --enable-gnu-unique-object --enable-plugin --with-system-zlib --enable-objc-gc --with-cloog --enable-cloog-backend=ppl --disable-cloog-version-check --disable-ppl-version-check --enable-multiarch --disable-werror --with-arch-32=i686 --with-abi=m64 --with-multilib-list=m32,m64,mx32 --with-tune=generic --enable-checking=release --build=x86_64-linux-gnu --host=x86_64-linux-gnu --target=x86_64-linux-gnu
Thread model: posix
gcc version 4.7.3 (Ubuntu/Linaro 4.7.3-1ubuntu1) 
configure:2999: $? = 0
configure:2988: gcc -V >&5
gcc: error: unrecognized command line option '-V'
gcc: fatal error: no input files
compilation terminated.
configure:2999: $? = 4
configure:2988: gcc -qversion >&5
gcc: error: unrecognized command line option '-qversion'
gcc: fatal error: no input files
compilation terminated.
configure:2999: $? = 4
configure:3019: checking whether the C compiler works
configure:3041: gcc    conftest.c  >&5
configure:3045: $? = 0
configure:3093: result: yes
configure:3096: checking for C compiler default output file name
configure:3098: result: a.out
configure:3104: checking for suffix of executables
configure:3111: gcc -o conftest    conftest.c  >&5
configure:3115: $? = 0
configure:3137: result: 
configure:3159: checking whether we are cross compiling
configure:3167: gcc -o conftest    conftest.c  >&5
configure:3171: $? = 0
configure:3178: ./conftest
configure:3182: $? = 0
configure:3197: result: no
configure:3202: checking for suffix of object files
configure:3224: gcc -c   conftest.c >&5
configure:3228: $? = 0
configure:3249: result: o
configure:3253: checking whether we are using the GNU C compiler
configure:3272: gcc -c   conftest.c >&5
configure:3272: $? = 0
configure:3281: result: yes
configure:3290: checking whether gcc accepts -g
configure:3310: gcc -c -g  conftest.c >&5
configure:3310: $? = 0
configure:3351: result: yes
configure:3368: checking for gcc option to accept ISO C89
configure:3431: gcc  -c -g -O2  conftest.c >&5
configure:3431: $? = 0
configure:3444: result: none needed
configure:3465: checking C_WFLAGS for maximum warnings
configure:3492: gcc -c -g -O2 -pedantic -Wdeclaration-after-statement  -Wall -Wdeclaration-after-statement  conftest.c >&5
configure:3492: $? = 0
configure:3506: result: -Wall -Wdeclaration-after-statement
configure:3519: : C_WFLAGS="$C_WFLAGS $ac_cv_cflags_warn_all"
configure:3522: $? = 0
configure:3587: checking for g++
configure:3603: found /usr/bin/g++
configure:3614: result: g++
configure:3641: checking for C++ compiler version
configure:3650: g++ --version >&5
g++ (Ubuntu/Linaro 4.7.3-1ubuntu1) 4.7.3
Copyright (C) 2012 Free Software Foundation, Inc.
This is free software; see the source for copying conditions.  There is NO
warranty; not even for MERCHANTABILITY or FITNESS FOR A PARTICULAR PURPOSE.

configure:3661: $? = 0
configure:3650: g++ -v >&5
Using built-in specs.
COLLECT_GCC=g++
COLLECT_LTO_WRAPPER=/usr/lib/gcc/x86_64-linux-gnu/4.7/lto-wrapper
Target: x86_64-linux-gnu
Configured with: ../src/configure -v --with-pkgversion='Ubuntu/Linaro 4.7.3-1ubuntu1' --with-bugurl=file:///usr/share/doc/gcc-4.7/README.Bugs --enable-languages=c,c++,go,fortran,objc,obj-c++ --prefix=/usr --program-suffix=-4.7 --enable-shared --enable-linker-build-id --libexecdir=/usr/lib --without-included-gettext --enable-threads=posix --with-gxx-include-dir=/usr/include/c++/4.7 --libdir=/usr/lib --enable-nls --with-sysroot=/ --enable-clocale=gnu --enable-libstdcxx-debug --enable-libstdcxx-time=yes --enable-gnu-unique-object --enable-plugin --with-system-zlib --enable-objc-gc --with-cloog --enable-cloog-backend=ppl --disable-cloog-version-check --disable-ppl-version-check --enable-multiarch --disable-werror --with-arch-32=i686 --with-abi=m64 --with-multilib-list=m32,m64,mx32 --with-tune=generic --enable-checking=release --build=x86_64-linux-gnu --host=x86_64-linux-gnu --target=x86_64-linux-gnu
Thread model: posix
gcc version 4.7.3 (Ubuntu/Linaro 4.7.3-1ubuntu1) 
configure:3661: $? = 0
configure:3650: g++ -V >&5
g++: error: unrecognized command line option '-V'
g++: fatal error: no input files
compilation terminated.
configure:3661: $? = 4
configure:3650: g++ -qversion >&5
g++: error: unrecognized command line option '-qversion'
g++: fatal error: no input files
compilation terminated.
configure:3661: $? = 4
configure:3665: checking whether we are using the GNU C++ compiler
configure:3684: g++ -c   conftest.cpp >&5
configure:3684: $? = 0
configure:3693: result: yes
configure:3702: checking whether g++ accepts -g
configure:3722: g++ -c -g  conftest.cpp >&5
configure:3722: $? = 0
configure:3763: result: yes
configure:3787: checking CXX_WFLAGS for maximum warnings
configure:3814: g++ -c -g -O2 -pedantic  -Wall  conftest.cpp >&5
configure:3814: $? = 0
configure:3828: result: -Wall
configure:3841: : CXX_WFLAGS="$CXX_WFLAGS $ac_cv_cxxflags_warn_all"
configure:3844: $? = 0
configure:3904: checking for gcc
configure:3931: result: gcc
configure:4160: checking for C compiler version
configure:4169: gcc --version >&5
gcc (Ubuntu/Linaro 4.7.3-1ubuntu1) 4.7.3
Copyright (C) 2012 Free Software Foundation, Inc.
This is free software; see the source for copying conditions.  There is NO
warranty; not even for MERCHANTABILITY or FITNESS FOR A PARTICULAR PURPOSE.

configure:4180: $? = 0
configure:4169: gcc -v >&5
Using built-in specs.
COLLECT_GCC=gcc
COLLECT_LTO_WRAPPER=/usr/lib/gcc/x86_64-linux-gnu/4.7/lto-wrapper
Target: x86_64-linux-gnu
Configured with: ../src/configure -v --with-pkgversion='Ubuntu/Linaro 4.7.3-1ubuntu1' --with-bugurl=file:///usr/share/doc/gcc-4.7/README.Bugs --enable-languages=c,c++,go,fortran,objc,obj-c++ --prefix=/usr --program-suffix=-4.7 --enable-shared --enable-linker-build-id --libexecdir=/usr/lib --without-included-gettext --enable-threads=posix --with-gxx-include-dir=/usr/include/c++/4.7 --libdir=/usr/lib --enable-nls --with-sysroot=/ --enable-clocale=gnu --enable-libstdcxx-debug --enable-libstdcxx-time=yes --enable-gnu-unique-object --enable-plugin --with-system-zlib --enable-objc-gc --with-cloog --enable-cloog-backend=ppl --disable-cloog-version-check --disable-ppl-version-check --enable-multiarch --disable-werror --with-arch-32=i686 --with-abi=m64 --with-multilib-list=m32,m64,mx32 --with-tune=generic --enable-checking=release --build=x86_64-linux-gnu --host=x86_64-linux-gnu --target=x86_64-linux-gnu
Thread model: posix
gcc version 4.7.3 (Ubuntu/Linaro 4.7.3-1ubuntu1) 
configure:4180: $? = 0
configure:4169: gcc -V >&5
gcc: error: unrecognized command line option '-V'
gcc: fatal error: no input files
compilation terminated.
configure:4180: $? = 4
configure:4169: gcc -qversion >&5
gcc: error: unrecognized command line option '-qversion'
gcc: fatal error: no input files
compilation terminated.
configure:4180: $? = 4
configure:4184: checking whether we are using the GNU C compiler
configure:4212: result: yes
configure:4221: checking whether gcc accepts -g
configure:4282: result: yes
configure:4299: checking for gcc option to accept ISO C89
configure:4375: result: none needed
configure:4507: checking for C++ compiler version
configure:4516: g++ --version >&5
g++ (Ubuntu/Linaro 4.7.3-1ubuntu1) 4.7.3
Copyright (C) 2012 Free Software Foundation, Inc.
This is free software; see the source for copying conditions.  There is NO
warranty; not even for MERCHANTABILITY or FITNESS FOR A PARTICULAR PURPOSE.

configure:4527: $? = 0
configure:4516: g++ -v >&5
Using built-in specs.
COLLECT_GCC=g++
COLLECT_LTO_WRAPPER=/usr/lib/gcc/x86_64-linux-gnu/4.7/lto-wrapper
Target: x86_64-linux-gnu
Configured with: ../src/configure -v --with-pkgversion='Ubuntu/Linaro 4.7.3-1ubuntu1' --with-bugurl=file:///usr/share/doc/gcc-4.7/README.Bugs --enable-languages=c,c++,go,fortran,objc,obj-c++ --prefix=/usr --program-suffix=-4.7 --enable-shared --enable-linker-build-id --libexecdir=/usr/lib --without-included-gettext --enable-threads=posix --with-gxx-include-dir=/usr/include/c++/4.7 --libdir=/usr/lib --enable-nls --with-sysroot=/ --enable-clocale=gnu --enable-libstdcxx-debug --enable-libstdcxx-time=yes --enable-gnu-unique-object --enable-plugin --with-system-zlib --enable-objc-gc --with-cloog --enable-cloog-backend=ppl --disable-cloog-version-check --disable-ppl-version-check --enable-multiarch --disable-werror --with-arch-32=i686 --with-abi=m64 --with-multilib-list=m32,m64,mx32 --with-tune=generic --enable-checking=release --build=x86_64-linux-gnu --host=x86_64-linux-gnu --target=x86_64-linux-gnu
Thread model: posix
gcc version 4.7.3 (Ubuntu/Linaro 4.7.3-1ubuntu1) 
configure:4527: $? = 0
configure:4516: g++ -V >&5
g++: error: unrecognized command line option '-V'
g++: fatal error: no input files
compilation terminated.
configure:4527: $? = 4
configure:4516: g++ -qversion >&5
g++: error: unrecognized command line option '-qversion'
g++: fatal error: no input files
compilation terminated.
configure:4527: $? = 4
configure:4531: checking whether we are using the GNU C++ compiler
configure:4559: result: yes
configure:4568: checking whether g++ accepts -g
configure:4629: result: yes
configure:5001: checking how to print strings
configure:5028: result: printf
configure:5049: checking for a sed that does not truncate output
configure:5113: result: /bin/sed
configure:5131: checking for grep that handles long lines and -e
configure:5189: result: /bin/grep
configure:5194: checking for egrep
configure:5256: result: /bin/grep -E
configure:5261: checking for fgrep
configure:5323: result: /bin/grep -F
configure:5358: checking for ld used by gcc
configure:5425: result: /usr/bin/ld
configure:5432: checking if the linker (/usr/bin/ld) is GNU ld
configure:5447: result: yes
configure:5459: checking for BSD- or MS-compatible name lister (nm)
configure:5508: result: /usr/bin/nm -B
configure:5638: checking the name lister (/usr/bin/nm -B) interface
configure:5645: gcc -c -g -O2  conftest.c >&5
configure:5648: /usr/bin/nm -B "conftest.o"
configure:5651: output
0000000000000000 B some_variable
configure:5658: result: BSD nm
configure:5661: checking whether ln -s works
configure:5665: result: yes
configure:5673: checking the maximum length of command line arguments
configure:5798: result: 1572864
configure:5815: checking whether the shell understands some XSI constructs
configure:5825: result: yes
configure:5829: checking whether the shell understands "+="
configure:5835: result: yes
configure:5870: checking how to convert x86_64-unknown-linux-gnu file names to x86_64-unknown-linux-gnu format
configure:5910: result: func_convert_file_noop
configure:5917: checking how to convert x86_64-unknown-linux-gnu file names to toolchain format
configure:5937: result: func_convert_file_noop
configure:5944: checking for /usr/bin/ld option to reload object files
configure:5951: result: -r
configure:6025: checking for objdump
configure:6052: result: objdump
configure:6081: checking how to recognize dependent libraries
configure:6283: result: pass_all
configure:6368: checking for dlltool
configure:6395: result: dlltool
configure:6425: checking how to associate runtime and link libraries
configure:6452: result: printf %s\n
configure:6512: checking for ar
configure:6528: found /usr/bin/ar
configure:6539: result: ar
configure:6576: checking for archiver @FILE support
configure:6593: gcc -c -g -O2  conftest.c >&5
configure:6593: $? = 0
configure:6596: ar cru libconftest.a @conftest.lst >&5
configure:6599: $? = 0
configure:6604: ar cru libconftest.a @conftest.lst >&5
ar: conftest.o: No such file or directory
configure:6607: $? = 1
configure:6619: result: @
configure:6677: checking for strip
configure:6693: found /usr/bin/strip
configure:6704: result: strip
configure:6776: checking for ranlib
configure:6792: found /usr/bin/ranlib
configure:6803: result: ranlib
configure:6880: checking for gawk
configure:6896: found /usr/bin/gawk
configure:6907: result: gawk
configure:6947: checking command to parse /usr/bin/nm -B output from gcc object
configure:7066: gcc -c -g -O2  conftest.c >&5
configure:7069: $? = 0
configure:7073: /usr/bin/nm -B conftest.o \| sed -n -e 's/^.*[ ]\([ABCDGIRSTW][ABCDGIRSTW]*\)[ ][ ]*\([_A-Za-z][_A-Za-z0-9]*\)$/\1 \2 \2/p' | sed '/ __gnu_lto/d' \> conftest.nm
configure:7076: $? = 0
configure:7142: gcc -o conftest -g -O2   conftest.c conftstm.o >&5
configure:7145: $? = 0
configure:7183: result: ok
configure:7220: checking for sysroot
configure:7250: result: no
configure:7327: gcc -c -g -O2  conftest.c >&5
configure:7330: $? = 0
configure:7493: checking for mt
configure:7509: found /bin/mt
configure:7520: result: mt
configure:7543: checking if mt is a manifest tool
configure:7549: mt '-?'
configure:7557: result: no
configure:8189: checking how to run the C preprocessor
configure:8220: gcc -E  conftest.c
configure:8220: $? = 0
configure:8234: gcc -E  conftest.c
conftest.c:9:28: fatal error: ac_nonexistent.h: No such file or directory
compilation terminated.
configure:8234: $? = 1
configure: failed program was:
| /* confdefs.h */
| #define PACKAGE_NAME ""
| #define PACKAGE_TARNAME ""
| #define PACKAGE_VERSION ""
| #define PACKAGE_STRING ""
| #define PACKAGE_BUGREPORT ""
| #define PACKAGE_URL ""
| /* end confdefs.h.  */
| #include <ac_nonexistent.h>
configure:8259: result: gcc -E
configure:8279: gcc -E  conftest.c
configure:8279: $? = 0
configure:8293: gcc -E  conftest.c
conftest.c:9:28: fatal error: ac_nonexistent.h: No such file or directory
compilation terminated.
configure:8293: $? = 1
configure: failed program was:
| /* confdefs.h */
| #define PACKAGE_NAME ""
| #define PACKAGE_TARNAME ""
| #define PACKAGE_VERSION ""
| #define PACKAGE_STRING ""
| #define PACKAGE_BUGREPORT ""
| #define PACKAGE_URL ""
| /* end confdefs.h.  */
| #include <ac_nonexistent.h>
configure:8322: checking for ANSI C header files
configure:8342: gcc -c -g -O2  conftest.c >&5
configure:8342: $? = 0
configure:8415: gcc -o conftest -g -O2   conftest.c  >&5
configure:8415: $? = 0
configure:8415: ./conftest
configure:8415: $? = 0
configure:8426: result: yes
configure:8439: checking for sys/types.h
configure:8439: gcc -c -g -O2  conftest.c >&5
configure:8439: $? = 0
configure:8439: result: yes
configure:8439: checking for sys/stat.h
configure:8439: gcc -c -g -O2  conftest.c >&5
configure:8439: $? = 0
configure:8439: result: yes
configure:8439: checking for stdlib.h
configure:8439: gcc -c -g -O2  conftest.c >&5
configure:8439: $? = 0
configure:8439: result: yes
configure:8439: checking for string.h
configure:8439: gcc -c -g -O2  conftest.c >&5
configure:8439: $? = 0
configure:8439: result: yes
configure:8439: checking for memory.h
configure:8439: gcc -c -g -O2  conftest.c >&5
configure:8439: $? = 0
configure:8439: result: yes
configure:8439: checking for strings.h
configure:8439: gcc -c -g -O2  conftest.c >&5
configure:8439: $? = 0
configure:8439: result: yes
configure:8439: checking for inttypes.h
configure:8439: gcc -c -g -O2  conftest.c >&5
configure:8439: $? = 0
configure:8439: result: yes
configure:8439: checking for stdint.h
configure:8439: gcc -c -g -O2  conftest.c >&5
configure:8439: $? = 0
configure:8439: result: yes
configure:8439: checking for unistd.h
configure:8439: gcc -c -g -O2  conftest.c >&5
configure:8439: $? = 0
configure:8439: result: yes
configure:8453: checking for dlfcn.h
configure:8453: gcc -c -g -O2  conftest.c >&5
configure:8453: $? = 0
configure:8453: result: yes
configure:8648: checking for objdir
configure:8663: result: .libs
configure:8934: checking if gcc supports -fno-rtti -fno-exceptions
configure:8952: gcc -c -g -O2  -fno-rtti -fno-exceptions conftest.c >&5
cc1: warning: command line option '-fno-rtti' is valid for C++/ObjC++ but not for C [enabled by default]
configure:8956: $? = 0
configure:8969: result: no
configure:9279: checking for gcc option to produce PIC
configure:9286: result: -fPIC -DPIC
configure:9294: checking if gcc PIC flag -fPIC -DPIC works
configure:9312: gcc -c -g -O2  -fPIC -DPIC -DPIC conftest.c >&5
configure:9316: $? = 0
configure:9329: result: yes
configure:9358: checking if gcc static flag -static works
configure:9386: result: yes
configure:9401: checking if gcc supports -c -o file.o
configure:9422: gcc -c -g -O2  -o out/conftest2.o conftest.c >&5
configure:9426: $? = 0
configure:9448: result: yes
configure:9456: checking if gcc supports -c -o file.o
configure:9503: result: yes
configure:9536: checking whether the gcc linker (/usr/bin/ld -m elf_x86_64) supports shared libraries
configure:10694: result: yes
configure:10731: checking whether -lc should be explicitly linked in
configure:10739: gcc -c -g -O2  conftest.c >&5
configure:10742: $? = 0
configure:10757: gcc -shared  -fPIC -DPIC conftest.o  -v -Wl,-soname -Wl,conftest -o conftest 2\>\&1 \| /bin/grep  -lc  \>/dev/null 2\>\&1
configure:10760: $? = 0
configure:10774: result: no
configure:10939: checking dynamic linker characteristics
configure:11453: gcc -o conftest -g -O2   -Wl,-rpath -Wl,/foo conftest.c  >&5
configure:11453: $? = 0
configure:11675: result: GNU/Linux ld.so
configure:11782: checking how to hardcode library paths into programs
configure:11807: result: immediate
configure:12347: checking whether stripping libraries is possible
configure:12352: result: yes
configure:12387: checking if libtool supports shared libraries
configure:12389: result: yes
configure:12392: checking whether to build shared libraries
configure:12413: result: yes
configure:12416: checking whether to build static libraries
configure:12420: result: yes
configure:12443: checking how to run the C++ preprocessor
configure:12470: g++ -E  conftest.cpp
configure:12470: $? = 0
configure:12484: g++ -E  conftest.cpp
conftest.cpp:21:28: fatal error: ac_nonexistent.h: No such file or directory
compilation terminated.
configure:12484: $? = 1
configure: failed program was:
| /* confdefs.h */
| #define PACKAGE_NAME ""
| #define PACKAGE_TARNAME ""
| #define PACKAGE_VERSION ""
| #define PACKAGE_STRING ""
| #define PACKAGE_BUGREPORT ""
| #define PACKAGE_URL ""
| #define STDC_HEADERS 1
| #define HAVE_SYS_TYPES_H 1
| #define HAVE_SYS_STAT_H 1
| #define HAVE_STDLIB_H 1
| #define HAVE_STRING_H 1
| #define HAVE_MEMORY_H 1
| #define HAVE_STRINGS_H 1
| #define HAVE_INTTYPES_H 1
| #define HAVE_STDINT_H 1
| #define HAVE_UNISTD_H 1
| #define HAVE_DLFCN_H 1
| #define LT_OBJDIR ".libs/"
| /* end confdefs.h.  */
| #include <ac_nonexistent.h>
configure:12509: result: g++ -E
configure:12529: g++ -E  conftest.cpp
configure:12529: $? = 0
configure:12543: g++ -E  conftest.cpp
conftest.cpp:21:28: fatal error: ac_nonexistent.h: No such file or directory
compilation terminated.
configure:12543: $? = 1
configure: failed program was:
| /* confdefs.h */
| #define PACKAGE_NAME ""
| #define PACKAGE_TARNAME ""
| #define PACKAGE_VERSION ""
| #define PACKAGE_STRING ""
| #define PACKAGE_BUGREPORT ""
| #define PACKAGE_URL ""
| #define STDC_HEADERS 1
| #define HAVE_SYS_TYPES_H 1
| #define HAVE_SYS_STAT_H 1
| #define HAVE_STDLIB_H 1
| #define HAVE_STRING_H 1
| #define HAVE_MEMORY_H 1
| #define HAVE_STRINGS_H 1
| #define HAVE_INTTYPES_H 1
| #define HAVE_STDINT_H 1
| #define HAVE_UNISTD_H 1
| #define HAVE_DLFCN_H 1
| #define LT_OBJDIR ".libs/"
| /* end confdefs.h.  */
| #include <ac_nonexistent.h>
configure:12713: checking for ld used by g++
configure:12780: result: /usr/bin/ld -m elf_x86_64
configure:12787: checking if the linker (/usr/bin/ld -m elf_x86_64) is GNU ld
configure:12802: result: yes
configure:12857: checking whether the g++ linker (/usr/bin/ld -m elf_x86_64) supports shared libraries
configure:13861: result: yes
configure:13896: g++ -c -g -O2  conftest.cpp >&5
configure:13899: $? = 0
configure:14419: checking for g++ option to produce PIC
configure:14426: result: -fPIC -DPIC
configure:14434: checking if g++ PIC flag -fPIC -DPIC works
configure:14452: g++ -c -g -O2  -fPIC -DPIC -DPIC conftest.cpp >&5
configure:14456: $? = 0
configure:14469: result: yes
configure:14492: checking if g++ static flag -static works
configure:14520: result: yes
configure:14532: checking if g++ supports -c -o file.o
configure:14553: g++ -c -g -O2  -o out/conftest2.o conftest.cpp >&5
configure:14557: $? = 0
configure:14579: result: yes
configure:14584: checking if g++ supports -c -o file.o
configure:14631: result: yes
configure:14661: checking whether the g++ linker (/usr/bin/ld -m elf_x86_64) supports shared libraries
configure:14695: result: yes
configure:14838: checking dynamic linker characteristics
configure:15508: result: GNU/Linux ld.so
configure:15561: checking how to hardcode library paths into programs
configure:15586: result: immediate
configure:15689: checking for ranlib
configure:15716: result: ranlib
configure:15891: checking for dlopen in -ldl
configure:15916: gcc -o conftest -g -O2 -fPIC   conftest.c -ldl   >&5
configure:15916: $? = 0
configure:15925: result: yes
configure:15937: checking for nanosleep in -lrt
configure:15962: gcc -o conftest -g -O2 -fPIC   conftest.c -lrt  -ldl  >&5
configure:15962: $? = 0
configure:15971: result: yes
configure:15987: checking for sin in -lm
configure:16012: gcc -o conftest -g -O2 -fPIC   conftest.c -lm  -lrt -ldl  >&5
conftest.c:30:6: warning: conflicting types for built-in function 'sin' [enabled by default]
configure:16012: $? = 0
configure:16021: result: yes
configure:16035: checking for ANSI C header files
configure:16139: result: yes
configure:16150: checking assert.h usability
configure:16150: gcc -c -g -O2 -fPIC  conftest.c >&5
configure:16150: $? = 0
configure:16150: result: yes
configure:16150: checking assert.h presence
configure:16150: gcc -E  conftest.c
configure:16150: $? = 0
configure:16150: result: yes
configure:16150: checking for assert.h
configure:16150: result: yes
configure:16150: checking fcntl.h usability
configure:16150: gcc -c -g -O2 -fPIC  conftest.c >&5
configure:16150: $? = 0
configure:16150: result: yes
configure:16150: checking fcntl.h presence
configure:16150: gcc -E  conftest.c
configure:16150: $? = 0
configure:16150: result: yes
configure:16150: checking for fcntl.h
configure:16150: result: yes
configure:16150: checking for unistd.h
configure:16150: result: yes
configure:16150: checking dbmalloc.h usability
configure:16150: gcc -c -g -O2 -fPIC  conftest.c >&5
conftest.c:61:22: fatal error: dbmalloc.h: No such file or directory
compilation terminated.
configure:16150: $? = 1
configure: failed program was:
| /* confdefs.h */
| #define PACKAGE_NAME ""
| #define PACKAGE_TARNAME ""
| #define PACKAGE_VERSION ""
| #define PACKAGE_STRING ""
| #define PACKAGE_BUGREPORT ""
| #define PACKAGE_URL ""
| #define STDC_HEADERS 1
| #define HAVE_SYS_TYPES_H 1
| #define HAVE_SYS_STAT_H 1
| #define HAVE_STDLIB_H 1
| #define HAVE_STRING_H 1
| #define HAVE_MEMORY_H 1
| #define HAVE_STRINGS_H 1
| #define HAVE_INTTYPES_H 1
| #define HAVE_STDINT_H 1
| #define HAVE_UNISTD_H 1
| #define HAVE_DLFCN_H 1
| #define LT_OBJDIR ".libs/"
| #define HAVE_LIBDL 1
| #define HAVE_LIBRT 1
| #define HAVE_LIBM 1
| #define STDC_HEADERS 1
| #define HAVE_ASSERT_H 1
| #define HAVE_FCNTL_H 1
| #define HAVE_UNISTD_H 1
| /* end confdefs.h.  */
| #include <stdio.h>
| #ifdef HAVE_SYS_TYPES_H
| # include <sys/types.h>
| #endif
| #ifdef HAVE_SYS_STAT_H
| # include <sys/stat.h>
| #endif
| #ifdef STDC_HEADERS
| # include <stdlib.h>
| # include <stddef.h>
| #else
| # ifdef HAVE_STDLIB_H
| #  include <stdlib.h>
| # endif
| #endif
| #ifdef HAVE_STRING_H
| # if !defined STDC_HEADERS && defined HAVE_MEMORY_H
| #  include <memory.h>
| # endif
| # include <string.h>
| #endif
| #ifdef HAVE_STRINGS_H
| # include <strings.h>
| #endif
| #ifdef HAVE_INTTYPES_H
| # include <inttypes.h>
| #endif
| #ifdef HAVE_STDINT_H
| # include <stdint.h>
| #endif
| #ifdef HAVE_UNISTD_H
| # include <unistd.h>
| #endif
| #include <dbmalloc.h>
configure:16150: result: no
configure:16150: checking dbmalloc.h presence
configure:16150: gcc -E  conftest.c
conftest.c:28:22: fatal error: dbmalloc.h: No such file or directory
compilation terminated.
configure:16150: $? = 1
configure: failed program was:
| /* confdefs.h */
| #define PACKAGE_NAME ""
| #define PACKAGE_TARNAME ""
| #define PACKAGE_VERSION ""
| #define PACKAGE_STRING ""
| #define PACKAGE_BUGREPORT ""
| #define PACKAGE_URL ""
| #define STDC_HEADERS 1
| #define HAVE_SYS_TYPES_H 1
| #define HAVE_SYS_STAT_H 1
| #define HAVE_STDLIB_H 1
| #define HAVE_STRING_H 1
| #define HAVE_MEMORY_H 1
| #define HAVE_STRINGS_H 1
| #define HAVE_INTTYPES_H 1
| #define HAVE_STDINT_H 1
| #define HAVE_UNISTD_H 1
| #define HAVE_DLFCN_H 1
| #define LT_OBJDIR ".libs/"
| #define HAVE_LIBDL 1
| #define HAVE_LIBRT 1
| #define HAVE_LIBM 1
| #define STDC_HEADERS 1
| #define HAVE_ASSERT_H 1
| #define HAVE_FCNTL_H 1
| #define HAVE_UNISTD_H 1
| /* end confdefs.h.  */
| #include <dbmalloc.h>
configure:16150: result: no
configure:16150: checking for dbmalloc.h
configure:16150: result: no
configure:16150: checking for dlfcn.h
configure:16150: result: yes
configure:16150: checking for stdint.h
configure:16150: result: yes
configure:16150: checking limits.h usability
configure:16150: gcc -c -g -O2 -fPIC  conftest.c >&5
configure:16150: $? = 0
configure:16150: result: yes
configure:16150: checking limits.h presence
configure:16150: gcc -E  conftest.c
configure:16150: $? = 0
configure:16150: result: yes
configure:16150: checking for limits.h
configure:16150: result: yes
configure:16150: checking locale.h usability
configure:16150: gcc -c -g -O2 -fPIC  conftest.c >&5
configure:16150: $? = 0
configure:16150: result: yes
configure:16150: checking locale.h presence
configure:16150: gcc -E  conftest.c
configure:16150: $? = 0
configure:16150: result: yes
configure:16150: checking for locale.h
configure:16150: result: yes
configure:16150: checking values.h usability
configure:16150: gcc -c -g -O2 -fPIC  conftest.c >&5
configure:16150: $? = 0
configure:16150: result: yes
configure:16150: checking values.h presence
configure:16150: gcc -E  conftest.c
configure:16150: $? = 0
configure:16150: result: yes
configure:16150: checking for values.h
configure:16150: result: yes
configure:16150: checking float.h usability
configure:16150: gcc -c -g -O2 -fPIC  conftest.c >&5
configure:16150: $? = 0
configure:16150: result: yes
configure:16150: checking float.h presence
configure:16150: gcc -E  conftest.c
configure:16150: $? = 0
configure:16150: result: yes
configure:16150: checking for float.h
configure:16150: result: yes
configure:16150: checking errno.h usability
configure:16150: gcc -c -g -O2 -fPIC  conftest.c >&5
configure:16150: $? = 0
configure:16150: result: yes
configure:16150: checking errno.h presence
configure:16150: gcc -E  conftest.c
configure:16150: $? = 0
configure:16150: result: yes
configure:16150: checking for errno.h
configure:16150: result: yes
configure:16150: checking direct.h usability
configure:16150: gcc -c -g -O2 -fPIC  conftest.c >&5
conftest.c:68:20: fatal error: direct.h: No such file or directory
compilation terminated.
configure:16150: $? = 1
configure: failed program was:
| /* confdefs.h */
| #define PACKAGE_NAME ""
| #define PACKAGE_TARNAME ""
| #define PACKAGE_VERSION ""
| #define PACKAGE_STRING ""
| #define PACKAGE_BUGREPORT ""
| #define PACKAGE_URL ""
| #define STDC_HEADERS 1
| #define HAVE_SYS_TYPES_H 1
| #define HAVE_SYS_STAT_H 1
| #define HAVE_STDLIB_H 1
| #define HAVE_STRING_H 1
| #define HAVE_MEMORY_H 1
| #define HAVE_STRINGS_H 1
| #define HAVE_INTTYPES_H 1
| #define HAVE_STDINT_H 1
| #define HAVE_UNISTD_H 1
| #define HAVE_DLFCN_H 1
| #define LT_OBJDIR ".libs/"
| #define HAVE_LIBDL 1
| #define HAVE_LIBRT 1
| #define HAVE_LIBM 1
| #define STDC_HEADERS 1
| #define HAVE_ASSERT_H 1
| #define HAVE_FCNTL_H 1
| #define HAVE_UNISTD_H 1
| #define HAVE_DLFCN_H 1
| #define HAVE_STDINT_H 1
| #define HAVE_LIMITS_H 1
| #define HAVE_LOCALE_H 1
| #define HAVE_VALUES_H 1
| #define HAVE_FLOAT_H 1
| #define HAVE_ERRNO_H 1
| /* end confdefs.h.  */
| #include <stdio.h>
| #ifdef HAVE_SYS_TYPES_H
| # include <sys/types.h>
| #endif
| #ifdef HAVE_SYS_STAT_H
| # include <sys/stat.h>
| #endif
| #ifdef STDC_HEADERS
| # include <stdlib.h>
| # include <stddef.h>
| #else
| # ifdef HAVE_STDLIB_H
| #  include <stdlib.h>
| # endif
| #endif
| #ifdef HAVE_STRING_H
| # if !defined STDC_HEADERS && defined HAVE_MEMORY_H
| #  include <memory.h>
| # endif
| # include <string.h>
| #endif
| #ifdef HAVE_STRINGS_H
| # include <strings.h>
| #endif
| #ifdef HAVE_INTTYPES_H
| # include <inttypes.h>
| #endif
| #ifdef HAVE_STDINT_H
| # include <stdint.h>
| #endif
| #ifdef HAVE_UNISTD_H
| # include <unistd.h>
| #endif
| #include <direct.h>
configure:16150: result: no
configure:16150: checking direct.h presence
configure:16150: gcc -E  conftest.c
conftest.c:35:20: fatal error: direct.h: No such file or directory
compilation terminated.
configure:16150: $? = 1
configure: failed program was:
| /* confdefs.h */
| #define PACKAGE_NAME ""
| #define PACKAGE_TARNAME ""
| #define PACKAGE_VERSION ""
| #define PACKAGE_STRING ""
| #define PACKAGE_BUGREPORT ""
| #define PACKAGE_URL ""
| #define STDC_HEADERS 1
| #define HAVE_SYS_TYPES_H 1
| #define HAVE_SYS_STAT_H 1
| #define HAVE_STDLIB_H 1
| #define HAVE_STRING_H 1
| #define HAVE_MEMORY_H 1
| #define HAVE_STRINGS_H 1
| #define HAVE_INTTYPES_H 1
| #define HAVE_STDINT_H 1
| #define HAVE_UNISTD_H 1
| #define HAVE_DLFCN_H 1
| #define LT_OBJDIR ".libs/"
| #define HAVE_LIBDL 1
| #define HAVE_LIBRT 1
| #define HAVE_LIBM 1
| #define STDC_HEADERS 1
| #define HAVE_ASSERT_H 1
| #define HAVE_FCNTL_H 1
| #define HAVE_UNISTD_H 1
| #define HAVE_DLFCN_H 1
| #define HAVE_STDINT_H 1
| #define HAVE_LIMITS_H 1
| #define HAVE_LOCALE_H 1
| #define HAVE_VALUES_H 1
| #define HAVE_FLOAT_H 1
| #define HAVE_ERRNO_H 1
| /* end confdefs.h.  */
| #include <direct.h>
configure:16150: result: no
configure:16150: checking for direct.h
configure:16150: result: no
configure:16161: checking whether byte ordering is bigendian
configure:16176: gcc -c -g -O2 -fPIC  conftest.c >&5
conftest.c:36:9: error: unknown type name 'not'
conftest.c:36:15: error: expected '=', ',', ';', 'asm' or '__attribute__' before 'universal'
conftest.c:36:15: error: unknown type name 'universal'
configure:16176: $? = 1
configure: failed program was:
| /* confdefs.h */
| #define PACKAGE_NAME ""
| #define PACKAGE_TARNAME ""
| #define PACKAGE_VERSION ""
| #define PACKAGE_STRING ""
| #define PACKAGE_BUGREPORT ""
| #define PACKAGE_URL ""
| #define STDC_HEADERS 1
| #define HAVE_SYS_TYPES_H 1
| #define HAVE_SYS_STAT_H 1
| #define HAVE_STDLIB_H 1
| #define HAVE_STRING_H 1
| #define HAVE_MEMORY_H 1
| #define HAVE_STRINGS_H 1
| #define HAVE_INTTYPES_H 1
| #define HAVE_STDINT_H 1
| #define HAVE_UNISTD_H 1
| #define HAVE_DLFCN_H 1
| #define LT_OBJDIR ".libs/"
| #define HAVE_LIBDL 1
| #define HAVE_LIBRT 1
| #define HAVE_LIBM 1
| #define STDC_HEADERS 1
| #define HAVE_ASSERT_H 1
| #define HAVE_FCNTL_H 1
| #define HAVE_UNISTD_H 1
| #define HAVE_DLFCN_H 1
| #define HAVE_STDINT_H 1
| #define HAVE_LIMITS_H 1
| #define HAVE_LOCALE_H 1
| #define HAVE_VALUES_H 1
| #define HAVE_FLOAT_H 1
| #define HAVE_ERRNO_H 1
| /* end confdefs.h.  */
| #ifndef __APPLE_CC__
| 	       not a universal capable compiler
| 	     #endif
| 	     typedef int dummy;
| 
configure:16221: gcc -c -g -O2 -fPIC  conftest.c >&5
configure:16221: $? = 0
configure:16239: gcc -c -g -O2 -fPIC  conftest.c >&5
conftest.c: In function 'main':
conftest.c:42:4: error: unknown type name 'not'
conftest.c:42:12: error: expected '=', ',', ';', 'asm' or '__attribute__' before 'endian'
configure:16239: $? = 1
configure: failed program was:
| /* confdefs.h */
| #define PACKAGE_NAME ""
| #define PACKAGE_TARNAME ""
| #define PACKAGE_VERSION ""
| #define PACKAGE_STRING ""
| #define PACKAGE_BUGREPORT ""
| #define PACKAGE_URL ""
| #define STDC_HEADERS 1
| #define HAVE_SYS_TYPES_H 1
| #define HAVE_SYS_STAT_H 1
| #define HAVE_STDLIB_H 1
| #define HAVE_STRING_H 1
| #define HAVE_MEMORY_H 1
| #define HAVE_STRINGS_H 1
| #define HAVE_INTTYPES_H 1
| #define HAVE_STDINT_H 1
| #define HAVE_UNISTD_H 1
| #define HAVE_DLFCN_H 1
| #define LT_OBJDIR ".libs/"
| #define HAVE_LIBDL 1
| #define HAVE_LIBRT 1
| #define HAVE_LIBM 1
| #define STDC_HEADERS 1
| #define HAVE_ASSERT_H 1
| #define HAVE_FCNTL_H 1
| #define HAVE_UNISTD_H 1
| #define HAVE_DLFCN_H 1
| #define HAVE_STDINT_H 1
| #define HAVE_LIMITS_H 1
| #define HAVE_LOCALE_H 1
| #define HAVE_VALUES_H 1
| #define HAVE_FLOAT_H 1
| #define HAVE_ERRNO_H 1
| /* end confdefs.h.  */
| #include <sys/types.h>
| 		#include <sys/param.h>
| 
| int
| main ()
| {
| #if BYTE_ORDER != BIG_ENDIAN
| 		 not big endian
| 		#endif
| 
|   ;
|   return 0;
| }
configure:16367: result: no
configure:16387: checking for 64bit integer type
configure:16395: result: long long
configure:16411: checking for 64bit file io
configure:16507: result: yes
configure:16510: checking for stat64
configure:16510: gcc -o conftest -g -O2 -fPIC   conftest.c -lm -lrt -ldl  >&5
configure:16510: $? = 0
configure:16510: result: yes
configure:16517: checking for fopen64
configure:16517: gcc -o conftest -g -O2 -fPIC   conftest.c -lm -lrt -ldl  >&5
configure:16517: $? = 0
configure:16517: result: yes
configure:16524: checking for ftruncate64
configure:16524: gcc -o conftest -g -O2 -fPIC   conftest.c -lm -lrt -ldl  >&5
configure:16524: $? = 0
configure:16524: result: yes
configure:16581: checking size of int
configure:16586: gcc -o conftest -g -O2 -fPIC   conftest.c -lm -lrt -ldl  >&5
configure:16586: $? = 0
configure:16586: ./conftest
configure:16586: $? = 0
configure:16600: result: 4
configure:16614: checking size of unsigned long
configure:16619: gcc -o conftest -g -O2 -fPIC   conftest.c -lm -lrt -ldl  >&5
configure:16619: $? = 0
configure:16619: ./conftest
configure:16619: $? = 0
configure:16633: result: 8
configure:16647: checking size of void*
configure:16652: gcc -o conftest -g -O2 -fPIC   conftest.c -lm -lrt -ldl  >&5
configure:16652: $? = 0
configure:16652: ./conftest
configure:16652: $? = 0
configure:16666: result: 8
configure:16676: checking for int8
configure:16676: gcc -c -g -O2 -fPIC  conftest.c >&5
conftest.c: In function 'main':
conftest.c:56:13: error: 'int8' undeclared (first use in this function)
conftest.c:56:13: note: each undeclared identifier is reported only once for each function it appears in
configure:16676: $? = 1
configure: failed program was:
| /* confdefs.h */
| #define PACKAGE_NAME ""
| #define PACKAGE_TARNAME ""
| #define PACKAGE_VERSION ""
| #define PACKAGE_STRING ""
| #define PACKAGE_BUGREPORT ""
| #define PACKAGE_URL ""
| #define STDC_HEADERS 1
| #define HAVE_SYS_TYPES_H 1
| #define HAVE_SYS_STAT_H 1
| #define HAVE_STDLIB_H 1
| #define HAVE_STRING_H 1
| #define HAVE_MEMORY_H 1
| #define HAVE_STRINGS_H 1
| #define HAVE_INTTYPES_H 1
| #define HAVE_STDINT_H 1
| #define HAVE_UNISTD_H 1
| #define HAVE_DLFCN_H 1
| #define LT_OBJDIR ".libs/"
| #define HAVE_LIBDL 1
| #define HAVE_LIBRT 1
| #define HAVE_LIBM 1
| #define STDC_HEADERS 1
| #define HAVE_ASSERT_H 1
| #define HAVE_FCNTL_H 1
| #define HAVE_UNISTD_H 1
| #define HAVE_DLFCN_H 1
| #define HAVE_STDINT_H 1
| #define HAVE_LIMITS_H 1
| #define HAVE_LOCALE_H 1
| #define HAVE_VALUES_H 1
| #define HAVE_FLOAT_H 1
| #define HAVE_ERRNO_H 1
| #define HAVE_LONG_LONG 1
| #define UNIX_STDIO_64 1
| #define VSI_LARGE_API_SUPPORTED 1
| #define VSI_FTELL64 ftello64
| #define VSI_FSEEK64 fseeko64
| #define VSI_STAT64 stat64
| #define VSI_STAT64_T stat64
| #define VSI_FOPEN64 fopen64
| #define VSI_FTRUNCATE64 ftruncate64
| #define SIZEOF_INT 4
| #define SIZEOF_UNSIGNED_LONG 8
| #define SIZEOF_VOIDP 8
| /* end confdefs.h.  */
| 
| #if HAVE_INTTYPES_H
| # include <inttypes.h>
| #endif
| 
| 
| int
| main ()
| {
| if (sizeof (int8))
| 	 return 0;
|   ;
|   return 0;
| }
configure:16676: result: no
configure:16690: checking for int16
configure:16690: gcc -c -g -O2 -fPIC  conftest.c >&5
conftest.c: In function 'main':
conftest.c:56:13: error: 'int16' undeclared (first use in this function)
conftest.c:56:13: note: each undeclared identifier is reported only once for each function it appears in
configure:16690: $? = 1
configure: failed program was:
| /* confdefs.h */
| #define PACKAGE_NAME ""
| #define PACKAGE_TARNAME ""
| #define PACKAGE_VERSION ""
| #define PACKAGE_STRING ""
| #define PACKAGE_BUGREPORT ""
| #define PACKAGE_URL ""
| #define STDC_HEADERS 1
| #define HAVE_SYS_TYPES_H 1
| #define HAVE_SYS_STAT_H 1
| #define HAVE_STDLIB_H 1
| #define HAVE_STRING_H 1
| #define HAVE_MEMORY_H 1
| #define HAVE_STRINGS_H 1
| #define HAVE_INTTYPES_H 1
| #define HAVE_STDINT_H 1
| #define HAVE_UNISTD_H 1
| #define HAVE_DLFCN_H 1
| #define LT_OBJDIR ".libs/"
| #define HAVE_LIBDL 1
| #define HAVE_LIBRT 1
| #define HAVE_LIBM 1
| #define STDC_HEADERS 1
| #define HAVE_ASSERT_H 1
| #define HAVE_FCNTL_H 1
| #define HAVE_UNISTD_H 1
| #define HAVE_DLFCN_H 1
| #define HAVE_STDINT_H 1
| #define HAVE_LIMITS_H 1
| #define HAVE_LOCALE_H 1
| #define HAVE_VALUES_H 1
| #define HAVE_FLOAT_H 1
| #define HAVE_ERRNO_H 1
| #define HAVE_LONG_LONG 1
| #define UNIX_STDIO_64 1
| #define VSI_LARGE_API_SUPPORTED 1
| #define VSI_FTELL64 ftello64
| #define VSI_FSEEK64 fseeko64
| #define VSI_STAT64 stat64
| #define VSI_STAT64_T stat64
| #define VSI_FOPEN64 fopen64
| #define VSI_FTRUNCATE64 ftruncate64
| #define SIZEOF_INT 4
| #define SIZEOF_UNSIGNED_LONG 8
| #define SIZEOF_VOIDP 8
| /* end confdefs.h.  */
| 
| #if HAVE_INTTYPES_H
| # include <inttypes.h>
| #endif
| 
| 
| int
| main ()
| {
| if (sizeof (int16))
| 	 return 0;
|   ;
|   return 0;
| }
configure:16690: result: no
configure:16704: checking for int32
configure:16704: gcc -c -g -O2 -fPIC  conftest.c >&5
conftest.c: In function 'main':
conftest.c:56:13: error: 'int32' undeclared (first use in this function)
conftest.c:56:13: note: each undeclared identifier is reported only once for each function it appears in
configure:16704: $? = 1
configure: failed program was:
| /* confdefs.h */
| #define PACKAGE_NAME ""
| #define PACKAGE_TARNAME ""
| #define PACKAGE_VERSION ""
| #define PACKAGE_STRING ""
| #define PACKAGE_BUGREPORT ""
| #define PACKAGE_URL ""
| #define STDC_HEADERS 1
| #define HAVE_SYS_TYPES_H 1
| #define HAVE_SYS_STAT_H 1
| #define HAVE_STDLIB_H 1
| #define HAVE_STRING_H 1
| #define HAVE_MEMORY_H 1
| #define HAVE_STRINGS_H 1
| #define HAVE_INTTYPES_H 1
| #define HAVE_STDINT_H 1
| #define HAVE_UNISTD_H 1
| #define HAVE_DLFCN_H 1
| #define LT_OBJDIR ".libs/"
| #define HAVE_LIBDL 1
| #define HAVE_LIBRT 1
| #define HAVE_LIBM 1
| #define STDC_HEADERS 1
| #define HAVE_ASSERT_H 1
| #define HAVE_FCNTL_H 1
| #define HAVE_UNISTD_H 1
| #define HAVE_DLFCN_H 1
| #define HAVE_STDINT_H 1
| #define HAVE_LIMITS_H 1
| #define HAVE_LOCALE_H 1
| #define HAVE_VALUES_H 1
| #define HAVE_FLOAT_H 1
| #define HAVE_ERRNO_H 1
| #define HAVE_LONG_LONG 1
| #define UNIX_STDIO_64 1
| #define VSI_LARGE_API_SUPPORTED 1
| #define VSI_FTELL64 ftello64
| #define VSI_FSEEK64 fseeko64
| #define VSI_STAT64 stat64
| #define VSI_STAT64_T stat64
| #define VSI_FOPEN64 fopen64
| #define VSI_FTRUNCATE64 ftruncate64
| #define SIZEOF_INT 4
| #define SIZEOF_UNSIGNED_LONG 8
| #define SIZEOF_VOIDP 8
| /* end confdefs.h.  */
| 
| #if HAVE_INTTYPES_H
| # include <inttypes.h>
| #endif
| 
| 
| int
| main ()
| {
| if (sizeof (int32))
| 	 return 0;
|   ;
|   return 0;
| }
configure:16704: result: no
configure:16727: checking native cpu bit order
configure:16732: result: lsb2msb
configure:16749: checking for vprintf
configure:16749: gcc -o conftest -g -O2 -fPIC   conftest.c -lm -lrt -ldl  >&5
conftest.c:72:6: warning: conflicting types for built-in function 'vprintf' [enabled by default]
configure:16749: $? = 0
configure:16749: result: yes
configure:16755: checking for _doprnt
configure:16755: gcc -o conftest -g -O2 -fPIC   conftest.c -lm -lrt -ldl  >&5
/tmp/ccBd6hMQ.o: In function `main':
/home/jlarouche/vm/ubuntugis/packages/gdal-ecw/raring/ecw/libgdal-ecw-1.10.0/conftest.c:84: undefined reference to `_doprnt'
collect2: error: ld returned 1 exit status
configure:16755: $? = 1
configure: failed program was:
| /* confdefs.h */
| #define PACKAGE_NAME ""
| #define PACKAGE_TARNAME ""
| #define PACKAGE_VERSION ""
| #define PACKAGE_STRING ""
| #define PACKAGE_BUGREPORT ""
| #define PACKAGE_URL ""
| #define STDC_HEADERS 1
| #define HAVE_SYS_TYPES_H 1
| #define HAVE_SYS_STAT_H 1
| #define HAVE_STDLIB_H 1
| #define HAVE_STRING_H 1
| #define HAVE_MEMORY_H 1
| #define HAVE_STRINGS_H 1
| #define HAVE_INTTYPES_H 1
| #define HAVE_STDINT_H 1
| #define HAVE_UNISTD_H 1
| #define HAVE_DLFCN_H 1
| #define LT_OBJDIR ".libs/"
| #define HAVE_LIBDL 1
| #define HAVE_LIBRT 1
| #define HAVE_LIBM 1
| #define STDC_HEADERS 1
| #define HAVE_ASSERT_H 1
| #define HAVE_FCNTL_H 1
| #define HAVE_UNISTD_H 1
| #define HAVE_DLFCN_H 1
| #define HAVE_STDINT_H 1
| #define HAVE_LIMITS_H 1
| #define HAVE_LOCALE_H 1
| #define HAVE_VALUES_H 1
| #define HAVE_FLOAT_H 1
| #define HAVE_ERRNO_H 1
| #define HAVE_LONG_LONG 1
| #define UNIX_STDIO_64 1
| #define VSI_LARGE_API_SUPPORTED 1
| #define VSI_FTELL64 ftello64
| #define VSI_FSEEK64 fseeko64
| #define VSI_STAT64 stat64
| #define VSI_STAT64_T stat64
| #define VSI_FOPEN64 fopen64
| #define VSI_FTRUNCATE64 ftruncate64
| #define SIZEOF_INT 4
| #define SIZEOF_UNSIGNED_LONG 8
| #define SIZEOF_VOIDP 8
| #define HAVE_IEEEFP 1
| #define HOST_FILLORDER FILLORDER_LSB2MSB
| #define HAVE_VPRINTF 1
| /* end confdefs.h.  */
| /* Define _doprnt to an innocuous variant, in case <limits.h> declares _doprnt.
|    For example, HP-UX 11i <limits.h> declares gettimeofday.  */
| #define _doprnt innocuous__doprnt
| 
| /* System header to define __stub macros and hopefully few prototypes,
|     which can conflict with char _doprnt (); below.
|     Prefer <limits.h> to <assert.h> if __STDC__ is defined, since
|     <limits.h> exists even on freestanding compilers.  */
| 
| #ifdef __STDC__
| # include <limits.h>
| #else
| # include <assert.h>
| #endif
| 
| #undef _doprnt
| 
| /* Override any GCC internal prototype to avoid an error.
|    Use char because int might match the return type of a GCC
|    builtin and then its argument prototype would still apply.  */
| #ifdef __cplusplus
| extern "C"
| #endif
| char _doprnt ();
| /* The GNU C library defines this for functions which it implements
|     to always fail with ENOSYS.  Some functions are actually named
|     something starting with __ and the normal name is an alias.  */
| #if defined __stub__doprnt || defined __stub____doprnt
| choke me
| #endif
| 
| int
| main ()
| {
| return _doprnt ();
|   ;
|   return 0;
| }
configure:16755: result: no
configure:16769: checking for snprintf
configure:16769: gcc -o conftest -g -O2 -fPIC   conftest.c -lm -lrt -ldl  >&5
conftest.c:73:6: warning: conflicting types for built-in function 'snprintf' [enabled by default]
configure:16769: $? = 0
configure:16769: result: yes
configure:16769: checking for vsnprintf
configure:16769: gcc -o conftest -g -O2 -fPIC   conftest.c -lm -lrt -ldl  >&5
conftest.c:74:6: warning: conflicting types for built-in function 'vsnprintf' [enabled by default]
configure:16769: $? = 0
configure:16769: result: yes
configure:16780: checking for atoll
configure:16780: gcc -o conftest -g -O2 -fPIC   conftest.c -lm -lrt -ldl  >&5
configure:16780: $? = 0
configure:16780: result: yes
configure:16791: checking for strtof
configure:16791: gcc -o conftest -g -O2 -fPIC   conftest.c -lm -lrt -ldl  >&5
configure:16791: $? = 0
configure:16791: result: yes
configure:16802: checking for getcwd
configure:16802: gcc -o conftest -g -O2 -fPIC   conftest.c -lm -lrt -ldl  >&5
configure:16802: $? = 0
configure:16802: result: yes
configure:16812: checking whether strtof is declared
configure:16812: gcc -c -g -O2 -fPIC  conftest.c >&5
configure:16812: $? = 0
configure:16812: result: yes
configure:16826: checking for readlink
configure:16826: gcc -o conftest -g -O2 -fPIC   conftest.c -lm -lrt -ldl  >&5
configure:16826: $? = 0
configure:16826: result: yes
configure:16837: checking for lstat
configure:16837: gcc -o conftest -g -O2 -fPIC   conftest.c -lm -lrt -ldl  >&5
configure:16837: $? = 0
configure:16837: result: yes
configure:16848: checking for posix_spawnp
configure:16848: gcc -o conftest -g -O2 -fPIC   conftest.c -lm -lrt -ldl  >&5
configure:16848: $? = 0
configure:16848: result: yes
configure:16859: checking for vfork
configure:16859: gcc -o conftest -g -O2 -fPIC   conftest.c -lm -lrt -ldl  >&5
configure:16859: $? = 0
configure:16859: result: yes
configure:16876: checking for gmtime_r
configure:16899: g++ -o conftest -g -O2 -fPIC   conftest.cpp -lm -lrt -ldl  >&5
configure:16899: $? = 0
configure:16907: result: yes
configure:16912: checking for localtime_r
configure:16935: g++ -o conftest -g -O2 -fPIC   conftest.cpp -lm -lrt -ldl  >&5
configure:16935: $? = 0
configure:16943: result: yes
configure:16955: checking for setlocale
configure:16955: gcc -o conftest -g -O2 -fPIC   conftest.c -lm -lrt -ldl  >&5
configure:16955: $? = 0
configure:16955: result: yes
configure:16965: checking whether GCC 4.1 atomic builtins are available
configure:16972: result: yes
configure:17006: checking for gdal-config
configure:17024: found /usr/bin/gdal-config
configure:17037: result: /usr/bin/gdal-config
configure:17091: result: using /usr/lib/gdalplugins/1.10/ as GDAL shared library autoload directory
configure:17218: checking for libNCSEcw.so or libecwj2
configure:17247: result: found Intergraph 5.x+ SDK in /home/jlarouche/vm/test_raring/ecwjp2_sdk/lib/x64/release.
configure:17253: checking for NCSECWClient.h in /home/jlarouche/vm/test_raring/ecwjp2_sdk/include
configure:17256: result: found.
configure:17262: checking for ECWJP2BuildNumber.h in /home/jlarouche/vm/test_raring/ecwjp2_sdk/include
configure:17265: result: found.
configure:17357: creating ./config.status

## ---------------------- ##
## Running config.status. ##
## ---------------------- ##

This file was extended by config.status, which was
generated by GNU Autoconf 2.69.  Invocation command line was

  CONFIG_FILES    = 
  CONFIG_HEADERS  = 
  CONFIG_LINKS    = 
  CONFIG_COMMANDS = 
  $ ./config.status 

on tengu

config.status:1041: creating GDALmake.opt
config.status:1140: WARNING:  'GDALmake.opt.in' seems to ignore the --datarootdir setting
config.status:1202: executing libtool commands

## ---------------- ##
## Cache variables. ##
## ---------------- ##

ac_cv_build=x86_64-unknown-linux-gnu
ac_cv_c_bigendian=no
ac_cv_c_compiler_gnu=yes
ac_cv_cflags_warn_all='-Wall -Wdeclaration-after-statement'
ac_cv_cxx_compiler_gnu=yes
ac_cv_cxxflags_warn_all=-Wall
ac_cv_env_CCC_set=
ac_cv_env_CCC_value=
ac_cv_env_CC_set=
ac_cv_env_CC_value=
ac_cv_env_CFLAGS_set=
ac_cv_env_CFLAGS_value=
ac_cv_env_CPPFLAGS_set=
ac_cv_env_CPPFLAGS_value=
ac_cv_env_CPP_set=
ac_cv_env_CPP_value=
ac_cv_env_CXXCPP_set=
ac_cv_env_CXXCPP_value=
ac_cv_env_CXXFLAGS_set=
ac_cv_env_CXXFLAGS_value=
ac_cv_env_CXX_set=
ac_cv_env_CXX_value=
ac_cv_env_LDFLAGS_set=
ac_cv_env_LDFLAGS_value=
ac_cv_env_LIBS_set=
ac_cv_env_LIBS_value=
ac_cv_env_build_alias_set=
ac_cv_env_build_alias_value=
ac_cv_env_host_alias_set=
ac_cv_env_host_alias_value=
ac_cv_env_target_alias_set=
ac_cv_env_target_alias_value=
ac_cv_func__doprnt=no
ac_cv_func_atoll=yes
ac_cv_func_fopen64=yes
ac_cv_func_ftruncate64=yes
ac_cv_func_getcwd=yes
ac_cv_func_gmtime_r=yes
ac_cv_func_localtime_r=yes
ac_cv_func_lstat=yes
ac_cv_func_posix_spawnp=yes
ac_cv_func_readlink=yes
ac_cv_func_setlocale=yes
ac_cv_func_snprintf=yes
ac_cv_func_stat64=yes
ac_cv_func_strtof=yes
ac_cv_func_vfork=yes
ac_cv_func_vprintf=yes
ac_cv_func_vsnprintf=yes
ac_cv_have_decl_strtof=yes
ac_cv_header_assert_h=yes
ac_cv_header_dbmalloc_h=no
ac_cv_header_direct_h=no
ac_cv_header_dlfcn_h=yes
ac_cv_header_errno_h=yes
ac_cv_header_fcntl_h=yes
ac_cv_header_float_h=yes
ac_cv_header_inttypes_h=yes
ac_cv_header_limits_h=yes
ac_cv_header_locale_h=yes
ac_cv_header_memory_h=yes
ac_cv_header_stdc=yes
ac_cv_header_stdint_h=yes
ac_cv_header_stdlib_h=yes
ac_cv_header_string_h=yes
ac_cv_header_strings_h=yes
ac_cv_header_sys_stat_h=yes
ac_cv_header_sys_types_h=yes
ac_cv_header_unistd_h=yes
ac_cv_header_values_h=yes
ac_cv_host=x86_64-unknown-linux-gnu
ac_cv_lib_dl_dlopen=yes
ac_cv_lib_m_sin=yes
ac_cv_lib_rt_nanosleep=yes
ac_cv_objext=o
ac_cv_path_EGREP='/bin/grep -E'
ac_cv_path_FGREP='/bin/grep -F'
ac_cv_path_GDAL_CONFIG=/usr/bin/gdal-config
ac_cv_path_GREP=/bin/grep
ac_cv_path_SED=/bin/sed
ac_cv_prog_AWK=gawk
ac_cv_prog_CPP='gcc -E'
ac_cv_prog_CXXCPP='g++ -E'
ac_cv_prog_ac_ct_AR=ar
ac_cv_prog_ac_ct_CC=gcc
ac_cv_prog_ac_ct_CXX=g++
ac_cv_prog_ac_ct_DLLTOOL=dlltool
ac_cv_prog_ac_ct_MANIFEST_TOOL=mt
ac_cv_prog_ac_ct_OBJDUMP=objdump
ac_cv_prog_ac_ct_RANLIB=ranlib
ac_cv_prog_ac_ct_STRIP=strip
ac_cv_prog_cc_c89=
ac_cv_prog_cc_g=yes
ac_cv_prog_cxx_g=yes
ac_cv_sizeof_int=4
ac_cv_sizeof_unsigned_long=8
ac_cv_sizeof_voidp=8
ac_cv_type_int16=no
ac_cv_type_int32=no
ac_cv_type_int8=no
lt_cv_ar_at_file=@
lt_cv_archive_cmds_need_lc=no
lt_cv_deplibs_check_method=pass_all
lt_cv_file_magic_cmd='$MAGIC_CMD'
lt_cv_file_magic_test_file=
lt_cv_ld_reload_flag=-r
lt_cv_nm_interface='BSD nm'
lt_cv_objdir=.libs
lt_cv_path_LD=/usr/bin/ld
lt_cv_path_LDCXX='/usr/bin/ld -m elf_x86_64'
lt_cv_path_NM='/usr/bin/nm -B'
lt_cv_path_mainfest_tool=no
lt_cv_prog_compiler_c_o=yes
lt_cv_prog_compiler_c_o_CXX=yes
lt_cv_prog_compiler_pic='-fPIC -DPIC'
lt_cv_prog_compiler_pic_CXX='-fPIC -DPIC'
lt_cv_prog_compiler_pic_works=yes
lt_cv_prog_compiler_pic_works_CXX=yes
lt_cv_prog_compiler_rtti_exceptions=no
lt_cv_prog_compiler_static_works=yes
lt_cv_prog_compiler_static_works_CXX=yes
lt_cv_prog_gnu_ld=yes
lt_cv_prog_gnu_ldcxx=yes
lt_cv_sharedlib_from_linklib_cmd='printf %s\n'
lt_cv_shlibpath_overrides_runpath=no
lt_cv_sys_global_symbol_pipe='sed -n -e '\''s/^.*[	 ]\([ABCDGIRSTW][ABCDGIRSTW]*\)[	 ][	 ]*\([_A-Za-z][_A-Za-z0-9]*\)$/\1 \2 \2/p'\'' | sed '\''/ __gnu_lto/d'\'''
lt_cv_sys_global_symbol_to_c_name_address='sed -n -e '\''s/^: \([^ ]*\)[ ]*$/  {\"\1\", (void *) 0},/p'\'' -e '\''s/^[ABCDGIRSTW]* \([^ ]*\) \([^ ]*\)$/  {"\2", (void *) \&\2},/p'\'''
lt_cv_sys_global_symbol_to_c_name_address_lib_prefix='sed -n -e '\''s/^: \([^ ]*\)[ ]*$/  {\"\1\", (void *) 0},/p'\'' -e '\''s/^[ABCDGIRSTW]* \([^ ]*\) \(lib[^ ]*\)$/  {"\2", (void *) \&\2},/p'\'' -e '\''s/^[ABCDGIRSTW]* \([^ ]*\) \([^ ]*\)$/  {"lib\2", (void *) \&\2},/p'\'''
lt_cv_sys_global_symbol_to_cdecl='sed -n -e '\''s/^T .* \(.*\)$/extern int \1();/p'\'' -e '\''s/^[ABCDGIRSTW]* .* \(.*\)$/extern char \1;/p'\'''
lt_cv_sys_max_cmd_len=1572864
lt_cv_to_host_file_cmd=func_convert_file_noop
lt_cv_to_tool_file_cmd=func_convert_file_noop

## ----------------- ##
## Output variables. ##
## ----------------- ##

AR='ar'
AS='as'
AUTOLOAD_DIR='/usr/lib/gdalplugins/1.10/'
AWK='gawk'
CC='gcc'
CFLAGS='-g -O2 -fPIC'
CPP='gcc -E'
CPPFLAGS=''
CXX='g++'
CXXCPP='g++ -E'
CXXFLAGS='-g -O2 -fPIC'
CXX_WFLAGS=' -Wall'
C_WFLAGS=' -Wall -Wdeclaration-after-statement'
DEFS='-DPACKAGE_NAME=\"\" -DPACKAGE_TARNAME=\"\" -DPACKAGE_VERSION=\"\" -DPACKAGE_STRING=\"\" -DPACKAGE_BUGREPORT=\"\" -DPACKAGE_URL=\"\" -DSTDC_HEADERS=1 -DHAVE_SYS_TYPES_H=1 -DHAVE_SYS_STAT_H=1 -DHAVE_STDLIB_H=1 -DHAVE_STRING_H=1 -DHAVE_MEMORY_H=1 -DHAVE_STRINGS_H=1 -DHAVE_INTTYPES_H=1 -DHAVE_STDINT_H=1 -DHAVE_UNISTD_H=1 -DHAVE_DLFCN_H=1 -DLT_OBJDIR=\".libs/\" -DHAVE_LIBDL=1 -DHAVE_LIBRT=1 -DHAVE_LIBM=1 -DSTDC_HEADERS=1 -DHAVE_ASSERT_H=1 -DHAVE_FCNTL_H=1 -DHAVE_UNISTD_H=1 -DHAVE_DLFCN_H=1 -DHAVE_STDINT_H=1 -DHAVE_LIMITS_H=1 -DHAVE_LOCALE_H=1 -DHAVE_VALUES_H=1 -DHAVE_FLOAT_H=1 -DHAVE_ERRNO_H=1 -DHAVE_LONG_LONG=1 -DUNIX_STDIO_64=1 -DVSI_LARGE_API_SUPPORTED=1 -DVSI_FTELL64=ftello64 -DVSI_FSEEK64=fseeko64 -DVSI_STAT64=stat64 -DVSI_STAT64_T=stat64 -DVSI_FOPEN64=fopen64 -DVSI_FTRUNCATE64=ftruncate64 -DSIZEOF_INT=4 -DSIZEOF_UNSIGNED_LONG=8 -DSIZEOF_VOIDP=8 -DHAVE_IEEEFP=1 -DHOST_FILLORDER=FILLORDER_LSB2MSB -DHAVE_VPRINTF=1 -DHAVE_SNPRINTF=1 -DHAVE_VSNPRINTF=1 -DHAVE_ATOLL=1 -DHAVE_STRTOF=1 -DHAVE_GETCWD=1 -DHAVE_DECL_STRTOF=1 -DHAVE_READLINK=1 -DHAVE_LSTAT=1 -DHAVE_POSIX_SPAWNP=1 -DHAVE_VFORK=1 -DHAVE_GCC_ATOMIC_BUILTINS=1'
DLLTOOL='dlltool'
DSYMUTIL=''
DUMPBIN=''
ECHO_C=''
ECHO_N='-n'
ECHO_T=''
ECW_FLAGS='-DHAVE_ECW_BUILDNUMBER_H -DLINUX -DX86 -DPOSIX -DHAVE_COMPRESS -DECW_COMPRESS_RW_SDK_VERSION'
ECW_INCLUDE='-I/home/jlarouche/vm/test_raring/ecwjp2_sdk/include'
ECW_SETTING='yes'
EGREP='/bin/grep -E'
EXEEXT=''
EXTRA_LIBS='-L/home/jlarouche/vm/test_raring/ecwjp2_sdk/lib/x64/release -lNCSEcw'
FGREP='/bin/grep -F'
GDAL_CONFIG='/usr/bin/gdal-config'
GDAL_ROOT='-I/usr/include/gdal'
GREP='/bin/grep'
HAVE_GCC_ATOMIC_BUILTINS='yes'
LD='/usr/bin/ld -m elf_x86_64'
LDFLAGS=''
LD_SHARED='g++ -shared '
LIBOBJS=''
LIBS='-L/usr/lib -lgdal -lm -lrt -ldl '
LIBTOOL='$(SHELL) $(top_builddir)/libtool'
LIPO=''
LN_S='ln -s'
LTLIBOBJS=''
MANIFEST_TOOL=':'
NM='/usr/bin/nm -B'
NMEDIT=''
OBJDUMP='objdump'
OBJEXT='o'
OTOOL64=''
OTOOL=''
PACKAGE_BUGREPORT=''
PACKAGE_NAME=''
PACKAGE_STRING=''
PACKAGE_TARNAME=''
PACKAGE_URL=''
PACKAGE_VERSION=''
PATH_SEPARATOR=':'
RANLIB='ranlib'
SED='/bin/sed'
SHELL='/bin/bash'
SO_EXT='so'
STRIP='strip'
ac_ct_AR='ar'
ac_ct_CC='gcc'
ac_ct_CXX='g++'
ac_ct_DUMPBIN=''
bindir='${exec_prefix}/bin'
build='x86_64-unknown-linux-gnu'
build_alias=''
build_cpu='x86_64'
build_os='linux-gnu'
build_vendor='unknown'
datadir='${datarootdir}'
datarootdir='${prefix}/share'
docdir='${datarootdir}/doc/${PACKAGE}'
dvidir='${docdir}'
exec_prefix='${prefix}'
host='x86_64-unknown-linux-gnu'
host_alias=''
host_cpu='x86_64'
host_os='linux-gnu'
host_vendor='unknown'
htmldir='${docdir}'
includedir='${prefix}/include'
infodir='${datarootdir}/info'
libdir='${exec_prefix}/lib'
libexecdir='${exec_prefix}/libexec'
localedir='${datarootdir}/locale'
localstatedir='${prefix}/var'
mandir='${datarootdir}/man'
oldincludedir='/usr/include'
pdfdir='${docdir}'
prefix='/usr/local'
program_transform_name='s,x,x,'
psdir='${docdir}'
sbindir='${exec_prefix}/sbin'
sharedstatedir='${prefix}/com'
sysconfdir='${prefix}/etc'
target_alias=''

## ----------- ##
## confdefs.h. ##
## ----------- ##

/* confdefs.h */
#define PACKAGE_NAME ""
#define PACKAGE_TARNAME ""
#define PACKAGE_VERSION ""
#define PACKAGE_STRING ""
#define PACKAGE_BUGREPORT ""
#define PACKAGE_URL ""
#define STDC_HEADERS 1
#define HAVE_SYS_TYPES_H 1
#define HAVE_SYS_STAT_H 1
#define HAVE_STDLIB_H 1
#define HAVE_STRING_H 1
#define HAVE_MEMORY_H 1
#define HAVE_STRINGS_H 1
#define HAVE_INTTYPES_H 1
#define HAVE_STDINT_H 1
#define HAVE_UNISTD_H 1
#define HAVE_DLFCN_H 1
#define LT_OBJDIR ".libs/"
#define HAVE_LIBDL 1
#define HAVE_LIBRT 1
#define HAVE_LIBM 1
#define STDC_HEADERS 1
#define HAVE_ASSERT_H 1
#define HAVE_FCNTL_H 1
#define HAVE_UNISTD_H 1
#define HAVE_DLFCN_H 1
#define HAVE_STDINT_H 1
#define HAVE_LIMITS_H 1
#define HAVE_LOCALE_H 1
#define HAVE_VALUES_H 1
#define HAVE_FLOAT_H 1
#define HAVE_ERRNO_H 1
#define HAVE_LONG_LONG 1
#define UNIX_STDIO_64 1
#define VSI_LARGE_API_SUPPORTED 1
#define VSI_FTELL64 ftello64
#define VSI_FSEEK64 fseeko64
#define VSI_STAT64 stat64
#define VSI_STAT64_T stat64
#define VSI_FOPEN64 fopen64
#define VSI_FTRUNCATE64 ftruncate64
#define SIZEOF_INT 4
#define SIZEOF_UNSIGNED_LONG 8
#define SIZEOF_VOIDP 8
#define HAVE_IEEEFP 1
#define HOST_FILLORDER FILLORDER_LSB2MSB
#define HAVE_VPRINTF 1
#define HAVE_SNPRINTF 1
#define HAVE_VSNPRINTF 1
#define HAVE_ATOLL 1
#define HAVE_STRTOF 1
#define HAVE_GETCWD 1
#define HAVE_DECL_STRTOF 1
#define HAVE_READLINK 1
#define HAVE_LSTAT 1
#define HAVE_POSIX_SPAWNP 1
#define HAVE_VFORK 1
#define HAVE_GCC_ATOMIC_BUILTINS 1

configure: exit 0
